<?xml version="1.0" encoding="UTF-8"?>
<!-- Generated by org.testng.reporters.JUnitXMLReporter -->
<testsuite hostname="L005614" name="Operational Reporting Tests" tests="44" failures="1" timestamp="11 Jun 2018 11:14:30 GMT" time="1526.839" errors="0">
  <testcase name="createDashboardDefn" time="2.92" classname="com.apttus.aic.operationalReports.Tests.PlatformToolsTests"/>
  <testcase name="createReport" time="3.06" classname="com.apttus.aic.operationalReports.Tests.PlatformToolsTests"/>
  <testcase name="getAllReports" time="3.683" classname="com.apttus.aic.operationalReports.Tests.PlatformToolsTests"/>
  <testcase name="cloneDashboardDefn" time="2.859" classname="com.apttus.aic.operationalReports.Tests.PlatformToolsTests"/>
  <testcase name="cloneReport" time="3.397" classname="com.apttus.aic.operationalReports.Tests.PlatformToolsTests"/>
  <testcase name="exportReportDetails" time="3.355" classname="com.apttus.aic.operationalReports.Tests.PlatformToolsTests"/>
  <testcase name="generateReportRun" time="3.984" classname="com.apttus.aic.operationalReports.Tests.PlatformToolsTests"/>
  <testcase name="getDashboardDetailsDefn" time="5.059" classname="com.apttus.aic.operationalReports.Tests.PlatformToolsTests"/>
  <testcase name="getReportDefinition" time="3.227" classname="com.apttus.aic.operationalReports.Tests.PlatformToolsTests"/>
  <testcase name="updateDashboardDefn" time="2.86" classname="com.apttus.aic.operationalReports.Tests.PlatformToolsTests"/>
  <testcase name="updateReportDefn" time="3.183" classname="com.apttus.aic.operationalReports.Tests.PlatformToolsTests"/>
  <testcase name="deleteDashboard" time="3.445" classname="com.apttus.aic.operationalReports.Tests.PlatformToolsTests"/>
  <testcase name="deleteReportDefn" time="3.399" classname="com.apttus.aic.operationalReports.Tests.PlatformToolsTests"/>
  <testcase name="CreateNewWidget" time="42.091" classname="com.apttus.aic.operationalReports.Tests.DashboardUITest"/>
  <testcase name="EditDashboard" time="45.048" classname="com.apttus.aic.operationalReports.Tests.DashboardUITest"/>
  <testcase name="CloneNewWidget" time="21.791" classname="com.apttus.aic.operationalReports.Tests.DashboardUITest"/>
  <testcase name="DeleteNewWidget" time="15.49" classname="com.apttus.aic.operationalReports.Tests.DashboardUITest"/>
  <testcase name="RenameDashboard" time="16.335" classname="com.apttus.aic.operationalReports.Tests.DashboardUITest"/>
  <testcase name="CreateQuickView" time="54.992" classname="com.apttus.aic.operationalReports.Tests.ViewsUITest"/>
  <testcase name="FilterNewWidget" time="8.532" classname="com.apttus.aic.operationalReports.Tests.ViewsUITest"/>
  <testcase name="CreateNewWigdetView" time="42.421" classname="com.apttus.aic.operationalReports.Tests.ViewsUITest"/>
  <testcase name="EditNewView" time="59.02" classname="com.apttus.aic.operationalReports.Tests.ViewsUITest"/>
  <testcase name="DeactivatedNewView" time="19.969" classname="com.apttus.aic.operationalReports.Tests.ViewsUITest"/>
  <testcase name="RenameNewView" time="13.581" classname="com.apttus.aic.operationalReports.Tests.ViewsUITest"/>
  <testcase name="ActivatedNewView" time="11.344" classname="com.apttus.aic.operationalReports.Tests.ViewsUITest"/>
  <testcase name="CloneNewView" time="13.371" classname="com.apttus.aic.operationalReports.Tests.ViewsUITest"/>
  <testcase name="DeleteNewView" time="11.87" classname="com.apttus.aic.operationalReports.Tests.ViewsUITest"/>
  <testcase name="DeleteNewWgView" time="10.988" classname="com.apttus.aic.operationalReports.Tests.ViewsUITest"/>
  <testcase name="EditQuickView" time="16.604" classname="com.apttus.aic.operationalReports.Tests.ViewsUITest"/>
  <testcase name="CreateHorizontalBarChartWizard" time="46.6" classname="com.apttus.aic.operationalReports.Tests.ReportsTests"/>
  <testcase name="CreateLineChartWizard" time="44.493" classname="com.apttus.aic.operationalReports.Tests.ReportsTests"/>
  <testcase name="CreatePieChartWizard" time="55.191" classname="com.apttus.aic.operationalReports.Tests.ReportsTests"/>
  <testcase name="CreatePivotChartWizard" time="46.734" classname="com.apttus.aic.operationalReports.Tests.ReportsTests"/>
  <testcase name="CreateTabularReportWizard" time="56.239" classname="com.apttus.aic.operationalReports.Tests.ReportsTests"/>
  <testcase name="CreateVerticalBarChartWizard" time="60.34" classname="com.apttus.aic.operationalReports.Tests.ReportsTests"/>
  <testcase name="DeActivateReport" time="19.457" classname="com.apttus.aic.operationalReports.Tests.ReportsTests"/>
  <testcase name="quickCreateReport" time="190.744" classname="com.apttus.aic.operationalReports.Tests.ReportsTests">
    <failure type="java.lang.AssertionError" message="
Expected: is [&amp;quot;Automation Report1528715312764&amp;quot;]
     but: was [&amp;quot;Automated Vertical Bar Chart 1-1528715225995&amp;quot;]">
      <![CDATA[java.lang.AssertionError: 
Expected: is ["Automation Report1528715312764"]
     but: was ["Automated Vertical Bar Chart 1-1528715225995"]
	at org.hamcrest.MatcherAssert.assertThat(MatcherAssert.java:20)
	at org.hamcrest.MatcherAssert.assertThat(MatcherAssert.java:8)
	at com.apttus.aic.operationalReports.Tests.ReportsTests.quickCreateReport(ReportsTests.java:52)
	at sun.reflect.NativeMethodAccessorImpl.invoke0(Native Method)
	at sun.reflect.NativeMethodAccessorImpl.invoke(Unknown Source)
	at sun.reflect.DelegatingMethodAccessorImpl.invoke(Unknown Source)
	at java.lang.reflect.Method.invoke(Unknown Source)
	at org.testng.internal.MethodInvocationHelper.invokeMethod(MethodInvocationHelper.java:86)
	at org.testng.internal.Invoker.invokeMethod(Invoker.java:643)
	at org.testng.internal.Invoker.invokeTestMethod(Invoker.java:820)
	at org.testng.internal.Invoker.invokeTestMethods(Invoker.java:1128)
	at org.testng.internal.TestMethodWorker.invokeTestMethods(TestMethodWorker.java:129)
	at org.testng.internal.TestMethodWorker.run(TestMethodWorker.java:112)
	at org.testng.TestRunner.privateRun(TestRunner.java:782)
	at org.testng.TestRunner.run(TestRunner.java:632)
	at org.testng.SuiteRunner.runTest(SuiteRunner.java:366)
	at org.testng.SuiteRunner.access$000(SuiteRunner.java:39)
	at org.testng.SuiteRunner$SuiteWorker.run(SuiteRunner.java:400)
	at org.testng.internal.thread.ThreadUtil$2.call(ThreadUtil.java:64)
	at java.util.concurrent.FutureTask.run(Unknown Source)
	at java.util.concurrent.ThreadPoolExecutor.runWorker(Unknown Source)
	at java.util.concurrent.ThreadPoolExecutor$Worker.run(Unknown Source)
	at java.lang.Thread.run(Unknown Source)
]]>
    </failure>
  </testcase> <!-- quickCreateReport -->
  <testcase name="ActivateReport" time="81.231" classname="com.apttus.aic.operationalReports.Tests.ReportsTests"/>
  <testcase name="EditReportWizard" time="43.622" classname="com.apttus.aic.operationalReports.Tests.ReportsTests"/>
  <testcase name="createCloneReport" time="0.0" classname="com.apttus.aic.operationalReports.Tests.ReportsTests">
    <skipped/>
  </testcase> <!-- createCloneReport -->
  <testcase name="DeleteReport" time="0.0" classname="com.apttus.aic.operationalReports.Tests.ReportsTests">
    <skipped/>
  </testcase> <!-- DeleteReport -->
  <testcase name="quickEditReport" time="0.0" classname="com.apttus.aic.operationalReports.Tests.ReportsTests">
    <skipped/>
  </testcase> <!-- quickEditReport -->
  <testcase name="renameReport" time="0.0" classname="com.apttus.aic.operationalReports.Tests.ReportsTests">
    <skipped/>
  </testcase> <!-- renameReport -->
  <testcase name="ExportToCSV" time="0.0" classname="com.apttus.aic.operationalReports.Tests.ReportsTests">
    <skipped/>
  </testcase> <!-- ExportToCSV -->
</testsuite> <!-- Operational Reporting Tests -->
