<html>
<head>
<title>TestNG:  Operational Reporting Tests</title>
<link href="../testng.css" rel="stylesheet" type="text/css" />
<link href="../my-testng.css" rel="stylesheet" type="text/css" />

<style type="text/css">
.log { display: none;} 
.stack-trace { display: none;} 
</style>
<script type="text/javascript">
<!--
function flip(e) {
  current = e.style.display;
  if (current == 'block') {
    e.style.display = 'none';
    return 0;
  }
  else {
    e.style.display = 'block';
    return 1;
  }
}

function toggleBox(szDivId, elem, msg1, msg2)
{
  var res = -1;  if (document.getElementById) {
    res = flip(document.getElementById(szDivId));
  }
  else if (document.all) {
    // this is the way old msie versions work
    res = flip(document.all[szDivId]);
  }
  if(elem) {
    if(res == 0) elem.innerHTML = msg1; else elem.innerHTML = msg2;
  }

}

function toggleAllBoxes() {
  if (document.getElementsByTagName) {
    d = document.getElementsByTagName('div');
    for (i = 0; i < d.length; i++) {
      if (d[i].className == 'log') {
        flip(d[i]);
      }
    }
  }
}

// -->
</script>

</head>
<body>
<h2 align='center'>Operational Reporting Tests</h2><table border='1' align="center">
<tr>
<td>Tests passed/Failed/Skipped:</td><td>39/2/3</td>
</tr><tr>
<td>Started on:</td><td>Tue Jun 19 16:04:54 IST 2018</td>
</tr>
<tr><td>Total time:</td><td>2120 seconds (2120413 ms)</td>
</tr><tr>
<td>Included groups:</td><td></td>
</tr><tr>
<td>Excluded groups:</td><td></td>
</tr>
</table><p/>
<small><i>(Hover the method name to see the test class name)</i></small><p/>
<table width='100%' border='1' class='invocation-failed'>
<tr><td colspan='4' align='center'><b>FAILED TESTS</b></td></tr>
<tr><td><b>Test method</b></td>
<td width="30%"><b>Exception</b></td>
<td width="10%"><b>Time (seconds)</b></td>
<td><b>Instance</b></td>
</tr>
<tr>
<td title='com.apttus.aic.operationalReports.Tests.DashboardUITest.EditDashboard()'><b>EditDashboard</b><br>Test class: com.apttus.aic.operationalReports.Tests.DashboardUITest<br>Test method: ST_04 To verify the Dashboard Edit Functionality</td>
<td><div><pre>java.lang.Exception: org.openqa.selenium.ScriptTimeoutException: asynchronous script timeout: result was not received in 60 seconds
  (Session info: chrome=67.0.3396.87)
  (Driver info: chromedriver=2.40.565498 (ea082db3280dd6843ebfb08a625e3eb905c4f5ab),platform=Windows NT 10.0.15063 x86_64) (WARNING: The server did not provide any stacktrace information)
Command duration or timeout: 0 milliseconds
Build info: version: &apos;3.5.3&apos;, revision: &apos;a88d25fe6b&apos;, time: &apos;2017-08-29T12:42:44.417Z&apos;
System info: host: &apos;L005614&apos;, ip: &apos;10.7.93.231&apos;, os.name: &apos;Windows 10&apos;, os.arch: &apos;amd64&apos;, os.version: &apos;10.0&apos;, java.version: &apos;1.8.0_151&apos;
Driver info: org.openqa.selenium.chrome.ChromeDriver
Capabilities [{mobileEmulationEnabled=false, hasTouchScreen=false, platform=XP, acceptSslCerts=false, acceptInsecureCerts=false, webStorageEnabled=true, browserName=chrome, takesScreenshot=true, javascriptEnabled=true, platformName=XP, setWindowRect=true, unexpectedAlertBehaviour=, applicationCacheEnabled=false, rotatable=false, networkConnectionEnabled=false, chrome={chromedriverVersion=2.40.565498 (ea082db3280dd6843ebfb08a625e3eb905c4f5ab), userDataDir=C:\Users\shsharma\AppData\Local\Temp\scoped_dir19820_9592}, takesHeapSnapshot=true, pageLoadStrategy=normal, unhandledPromptBehavior=, databaseEnabled=false, handlesAlerts=true, version=67.0.3396.87, browserConnectionEnabled=false, nativeEvents=true, locationContextEnabled=true, cssSelectorsEnabled=true}]
Session ID: 5c8f3dba8ca192cf5458ab9c49f5b911
	at com.apttus.aic.operationalReports.Tests.DashboardUITest.EditDashboard(DashboardUITest.java:100)
	at sun.reflect.NativeMethodAccessorImpl.invoke0(Native Method)
	at sun.reflect.NativeMethodAccessorImpl.invoke(Unknown Source)
	at sun.reflect.DelegatingMethodAccessorImpl.invoke(Unknown Source)
	at java.lang.reflect.Method.invoke(Unknown Source)
	at org.testng.internal.MethodInvocationHelper.invokeMethod(MethodInvocationHelper.java:86)
	at org.testng.internal.Invoker.invokeMethod(Invoker.java:643)
	at org.testng.internal.Invoker.invokeTestMethod(Invoker.java:820)
	at org.testng.internal.Invoker.invokeTestMethods(Invoker.java:1128)
	at org.testng.internal.TestMethodWorker.invokeTestMethods(TestMethodWorker.java:129)
	at org.testng.internal.TestMethodWorker.run(TestMethodWorker.java:112)
	at org.testng.TestRunner.privateRun(TestRunner.java:782)
	at org.testng.TestRunner.run(TestRunner.java:632)
	at org.testng.SuiteRunner.runTest(SuiteRunner.java:366)
	at org.testng.SuiteRunner.access$000(SuiteRunner.java:39)
	at org.testng.SuiteRunner$SuiteWorker.run(SuiteRunner.java:400)
	at org.testng.internal.thread.ThreadUtil$2.call(ThreadUtil.java:64)
	at java.util.concurrent.FutureTask.run(Unknown Source)
	at java.util.concurrent.ThreadPoolExecutor.runWorker(Unknown Source)
	at java.util.concurrent.ThreadPoolExecutor$Worker.run(Unknown Source)
	at java.lang.Thread.run(Unknown Source)
Caused by: org.openqa.selenium.ScriptTimeoutException: asynchronous script timeout: result was not received in 60 seconds
  (Session info: chrome=67.0.3396.87)
  (Driver info: chromedriver=2.40.565498 (ea082db3280dd6843ebfb08a625e3eb905c4f5ab),platform=Windows NT 10.0.15063 x86_64) (WARNING: The server did not provide any stacktrace information)
Command duration or timeout: 0 milliseconds
Build info: version: &apos;3.5.3&apos;, revision: &apos;a88d25fe6b&apos;, time: &apos;2017-08-29T12:42:44.417Z&apos;
System info: host: &apos;L005614&apos;, ip: &apos;10.7.93.231&apos;, os.name: &apos;Windows 10&apos;, os.arch: &apos;amd64&apos;, os.version: &apos;10.0&apos;, java.version: &apos;1.8.0_151&apos;
Driver info: org.openqa.selenium.chrome.ChromeDriver
Capabilities [{mobileEmulationEnabled=false, hasTouchScreen=false, platform=XP, acceptSslCerts=false, acceptInsecureCerts=false, webStorageEnabled=true, browserName=chrome, takesScreenshot=true, javascriptEnabled=true, platformName=XP, setWindowRect=true, unexpectedAlertBehaviour=, applicationCacheEnabled=false, rotatable=false, networkConnectionEnabled=false, chrome={chromedriverVersion=2.40.565498 (ea082db3280dd6843ebfb08a625e3eb905c4f5ab), userDataDir=C:\Users\shsharma\AppData\Local\Temp\scoped_dir19820_9592}, takesHeapSnapshot=true, pageLoadStrategy=normal, unhandledPromptBehavior=, databaseEnabled=false, handlesAlerts=true, version=67.0.3396.87, browserConnectionEnabled=false, nativeEvents=true, locationContextEnabled=true, cssSelectorsEnabled=true}]
Session ID: 5c8f3dba8ca192cf5458ab9c49f5b911
	at sun.reflect.NativeConstructorAccessorImpl.newInstance0(Native Method)
	at sun.reflect.NativeConstructorAccessorImpl.newInstance(Unknown Source)
	at sun.reflect.DelegatingConstructorAccessorImpl.newInstance(Unknown Source)
	at java.lang.reflect.Constructor.newInstance(Unknown Source)
	at org.openqa.selenium.remote.ErrorHandler.createThrowable(ErrorHandler.java:215)
	at org.openqa.selenium.remote.ErrorHandler.throwIfResponseFailed(ErrorHandler.java:167)
	at org.openqa.selenium.remote.http.JsonHttpResponseCodec.reconstructValue(JsonHttpResponseCodec.java:40)
	at org.openqa.selenium.remote.http.AbstractHttpResponseCodec.decode(AbstractHttpResponseCodec.java:82)
	at org.openqa.selenium.remote.http.AbstractHttpResponseCodec.decode(AbstractHttpResponseCodec.java:45)
	at org.openqa.selenium.remote.HttpCommandExecutor.execute(HttpCommandExecutor.java:164)
	at org.openqa.selenium.remote.service.DriverCommandExecutor.execute(DriverCommandExecutor.java:82)
	at org.openqa.selenium.remote.RemoteWebDriver.execute(RemoteWebDriver.java:646)
	at org.openqa.selenium.remote.RemoteWebDriver.executeAsyncScript(RemoteWebDriver.java:600)
	at com.paulhammant.ngwebdriver.NgWebDriver.waitForAngularRequestsToFinish(NgWebDriver.java:68)
	at com.apttus.selenium.NGHelper.waitForNGToLoad(NGHelper.java:371)
	at com.apttus.selenium.NGHelper.click(NGHelper.java:180)
	at com.apttus.aic.operationalReports.uiLibrary.HomePage.navigateToDashBoard(HomePage.java:73)
	at com.apttus.aic.operationalReports.Tests.DashboardUITest.EditDashboard(DashboardUITest.java:93)
	... 20 more
</pre></div><a href='#' onClick='toggleBox("stack-trace1044974119", this, "Click to show all stack frames", "Click to hide stack frames")'>Click to show all stack frames</a>
<div class='stack-trace' id='stack-trace1044974119'><pre>java.lang.Exception: org.openqa.selenium.ScriptTimeoutException: asynchronous script timeout: result was not received in 60 seconds
  (Session info: chrome=67.0.3396.87)
  (Driver info: chromedriver=2.40.565498 (ea082db3280dd6843ebfb08a625e3eb905c4f5ab),platform=Windows NT 10.0.15063 x86_64) (WARNING: The server did not provide any stacktrace information)
Command duration or timeout: 0 milliseconds
Build info: version: &apos;3.5.3&apos;, revision: &apos;a88d25fe6b&apos;, time: &apos;2017-08-29T12:42:44.417Z&apos;
System info: host: &apos;L005614&apos;, ip: &apos;10.7.93.231&apos;, os.name: &apos;Windows 10&apos;, os.arch: &apos;amd64&apos;, os.version: &apos;10.0&apos;, java.version: &apos;1.8.0_151&apos;
Driver info: org.openqa.selenium.chrome.ChromeDriver
Capabilities [{mobileEmulationEnabled=false, hasTouchScreen=false, platform=XP, acceptSslCerts=false, acceptInsecureCerts=false, webStorageEnabled=true, browserName=chrome, takesScreenshot=true, javascriptEnabled=true, platformName=XP, setWindowRect=true, unexpectedAlertBehaviour=, applicationCacheEnabled=false, rotatable=false, networkConnectionEnabled=false, chrome={chromedriverVersion=2.40.565498 (ea082db3280dd6843ebfb08a625e3eb905c4f5ab), userDataDir=C:\Users\shsharma\AppData\Local\Temp\scoped_dir19820_9592}, takesHeapSnapshot=true, pageLoadStrategy=normal, unhandledPromptBehavior=, databaseEnabled=false, handlesAlerts=true, version=67.0.3396.87, browserConnectionEnabled=false, nativeEvents=true, locationContextEnabled=true, cssSelectorsEnabled=true}]
Session ID: 5c8f3dba8ca192cf5458ab9c49f5b911
	at com.apttus.aic.operationalReports.Tests.DashboardUITest.EditDashboard(DashboardUITest.java:100)
	at sun.reflect.NativeMethodAccessorImpl.invoke0(Native Method)
	at sun.reflect.NativeMethodAccessorImpl.invoke(Unknown Source)
	at sun.reflect.DelegatingMethodAccessorImpl.invoke(Unknown Source)
	at java.lang.reflect.Method.invoke(Unknown Source)
	at org.testng.internal.MethodInvocationHelper.invokeMethod(MethodInvocationHelper.java:86)
	at org.testng.internal.Invoker.invokeMethod(Invoker.java:643)
	at org.testng.internal.Invoker.invokeTestMethod(Invoker.java:820)
	at org.testng.internal.Invoker.invokeTestMethods(Invoker.java:1128)
	at org.testng.internal.TestMethodWorker.invokeTestMethods(TestMethodWorker.java:129)
	at org.testng.internal.TestMethodWorker.run(TestMethodWorker.java:112)
	at org.testng.TestRunner.privateRun(TestRunner.java:782)
	at org.testng.TestRunner.run(TestRunner.java:632)
	at org.testng.SuiteRunner.runTest(SuiteRunner.java:366)
	at org.testng.SuiteRunner.access$000(SuiteRunner.java:39)
	at org.testng.SuiteRunner$SuiteWorker.run(SuiteRunner.java:400)
	at org.testng.internal.thread.ThreadUtil$2.call(ThreadUtil.java:64)
	at java.util.concurrent.FutureTask.run(Unknown Source)
	at java.util.concurrent.ThreadPoolExecutor.runWorker(Unknown Source)
	at java.util.concurrent.ThreadPoolExecutor$Worker.run(Unknown Source)
	at java.lang.Thread.run(Unknown Source)
Caused by: org.openqa.selenium.ScriptTimeoutException: asynchronous script timeout: result was not received in 60 seconds
  (Session info: chrome=67.0.3396.87)
  (Driver info: chromedriver=2.40.565498 (ea082db3280dd6843ebfb08a625e3eb905c4f5ab),platform=Windows NT 10.0.15063 x86_64) (WARNING: The server did not provide any stacktrace information)
Command duration or timeout: 0 milliseconds
Build info: version: &apos;3.5.3&apos;, revision: &apos;a88d25fe6b&apos;, time: &apos;2017-08-29T12:42:44.417Z&apos;
System info: host: &apos;L005614&apos;, ip: &apos;10.7.93.231&apos;, os.name: &apos;Windows 10&apos;, os.arch: &apos;amd64&apos;, os.version: &apos;10.0&apos;, java.version: &apos;1.8.0_151&apos;
Driver info: org.openqa.selenium.chrome.ChromeDriver
Capabilities [{mobileEmulationEnabled=false, hasTouchScreen=false, platform=XP, acceptSslCerts=false, acceptInsecureCerts=false, webStorageEnabled=true, browserName=chrome, takesScreenshot=true, javascriptEnabled=true, platformName=XP, setWindowRect=true, unexpectedAlertBehaviour=, applicationCacheEnabled=false, rotatable=false, networkConnectionEnabled=false, chrome={chromedriverVersion=2.40.565498 (ea082db3280dd6843ebfb08a625e3eb905c4f5ab), userDataDir=C:\Users\shsharma\AppData\Local\Temp\scoped_dir19820_9592}, takesHeapSnapshot=true, pageLoadStrategy=normal, unhandledPromptBehavior=, databaseEnabled=false, handlesAlerts=true, version=67.0.3396.87, browserConnectionEnabled=false, nativeEvents=true, locationContextEnabled=true, cssSelectorsEnabled=true}]
Session ID: 5c8f3dba8ca192cf5458ab9c49f5b911
	at sun.reflect.NativeConstructorAccessorImpl.newInstance0(Native Method)
	at sun.reflect.NativeConstructorAccessorImpl.newInstance(Unknown Source)
	at sun.reflect.DelegatingConstructorAccessorImpl.newInstance(Unknown Source)
	at java.lang.reflect.Constructor.newInstance(Unknown Source)
	at org.openqa.selenium.remote.ErrorHandler.createThrowable(ErrorHandler.java:215)
	at org.openqa.selenium.remote.ErrorHandler.throwIfResponseFailed(ErrorHandler.java:167)
	at org.openqa.selenium.remote.http.JsonHttpResponseCodec.reconstructValue(JsonHttpResponseCodec.java:40)
	at org.openqa.selenium.remote.http.AbstractHttpResponseCodec.decode(AbstractHttpResponseCodec.java:82)
	at org.openqa.selenium.remote.http.AbstractHttpResponseCodec.decode(AbstractHttpResponseCodec.java:45)
	at org.openqa.selenium.remote.HttpCommandExecutor.execute(HttpCommandExecutor.java:164)
	at org.openqa.selenium.remote.service.DriverCommandExecutor.execute(DriverCommandExecutor.java:82)
	at org.openqa.selenium.remote.RemoteWebDriver.execute(RemoteWebDriver.java:646)
	at org.openqa.selenium.remote.RemoteWebDriver.executeAsyncScript(RemoteWebDriver.java:600)
	at com.paulhammant.ngwebdriver.NgWebDriver.waitForAngularRequestsToFinish(NgWebDriver.java:68)
	at com.apttus.selenium.NGHelper.waitForNGToLoad(NGHelper.java:371)
	at com.apttus.selenium.NGHelper.click(NGHelper.java:180)
	at com.apttus.aic.operationalReports.uiLibrary.HomePage.navigateToDashBoard(HomePage.java:73)
	at com.apttus.aic.operationalReports.Tests.DashboardUITest.EditDashboard(DashboardUITest.java:93)
	... 20 more
</pre></div></td>
<td>62</td>
<td>com.apttus.aic.operationalReports.Tests.DashboardUITest@5f9d02cb</td></tr>
<tr>
<td title='com.apttus.aic.operationalReports.Tests.ReportsTests.ExportToCSV()'><b>ExportToCSV</b><br>Test class: com.apttus.aic.operationalReports.Tests.ReportsTests<br>Test method: To verify the Export functionality of the Reports Module</td>
<td><div><pre>java.lang.AssertionError: 
Expected: is [&lt;true&gt;]
     but: was [&lt;false&gt;]
	at org.hamcrest.MatcherAssert.assertThat(MatcherAssert.java:20)
	at org.hamcrest.MatcherAssert.assertThat(MatcherAssert.java:8)
	at com.apttus.aic.operationalReports.Tests.ReportsTests.ExportToCSV(ReportsTests.java:125)
	at sun.reflect.NativeMethodAccessorImpl.invoke0(Native Method)
	at sun.reflect.NativeMethodAccessorImpl.invoke(Unknown Source)
	at sun.reflect.DelegatingMethodAccessorImpl.invoke(Unknown Source)
	at java.lang.reflect.Method.invoke(Unknown Source)
	at org.testng.internal.MethodInvocationHelper.invokeMethod(MethodInvocationHelper.java:86)
	at org.testng.internal.Invoker.invokeMethod(Invoker.java:643)
	at org.testng.internal.Invoker.invokeTestMethod(Invoker.java:820)
	at org.testng.internal.Invoker.invokeTestMethods(Invoker.java:1128)
	at org.testng.internal.TestMethodWorker.invokeTestMethods(TestMethodWorker.java:129)
	at org.testng.internal.TestMethodWorker.run(TestMethodWorker.java:112)
	at org.testng.TestRunner.privateRun(TestRunner.java:782)
	at org.testng.TestRunner.run(TestRunner.java:632)
	at org.testng.SuiteRunner.runTest(SuiteRunner.java:366)
	at org.testng.SuiteRunner.access$000(SuiteRunner.java:39)
	at org.testng.SuiteRunner$SuiteWorker.run(SuiteRunner.java:400)
	at org.testng.internal.thread.ThreadUtil$2.call(ThreadUtil.java:64)
	at java.util.concurrent.FutureTask.run(Unknown Source)
	at java.util.concurrent.ThreadPoolExecutor.runWorker(Unknown Source)
	at java.util.concurrent.ThreadPoolExecutor$Worker.run(Unknown Source)
	at java.lang.Thread.run(Unknown Source)
</pre></div><a href='#' onClick='toggleBox("stack-trace1045515293", this, "Click to show all stack frames", "Click to hide stack frames")'>Click to show all stack frames</a>
<div class='stack-trace' id='stack-trace1045515293'><pre>java.lang.AssertionError: 
Expected: is [&lt;true&gt;]
     but: was [&lt;false&gt;]
	at org.hamcrest.MatcherAssert.assertThat(MatcherAssert.java:20)
	at org.hamcrest.MatcherAssert.assertThat(MatcherAssert.java:8)
	at com.apttus.aic.operationalReports.Tests.ReportsTests.ExportToCSV(ReportsTests.java:125)
	at sun.reflect.NativeMethodAccessorImpl.invoke0(Native Method)
	at sun.reflect.NativeMethodAccessorImpl.invoke(Unknown Source)
	at sun.reflect.DelegatingMethodAccessorImpl.invoke(Unknown Source)
	at java.lang.reflect.Method.invoke(Unknown Source)
	at org.testng.internal.MethodInvocationHelper.invokeMethod(MethodInvocationHelper.java:86)
	at org.testng.internal.Invoker.invokeMethod(Invoker.java:643)
	at org.testng.internal.Invoker.invokeTestMethod(Invoker.java:820)
	at org.testng.internal.Invoker.invokeTestMethods(Invoker.java:1128)
	at org.testng.internal.TestMethodWorker.invokeTestMethods(TestMethodWorker.java:129)
	at org.testng.internal.TestMethodWorker.run(TestMethodWorker.java:112)
	at org.testng.TestRunner.privateRun(TestRunner.java:782)
	at org.testng.TestRunner.run(TestRunner.java:632)
	at org.testng.SuiteRunner.runTest(SuiteRunner.java:366)
	at org.testng.SuiteRunner.access$000(SuiteRunner.java:39)
	at org.testng.SuiteRunner$SuiteWorker.run(SuiteRunner.java:400)
	at org.testng.internal.thread.ThreadUtil$2.call(ThreadUtil.java:64)
	at java.util.concurrent.FutureTask.run(Unknown Source)
	at java.util.concurrent.ThreadPoolExecutor.runWorker(Unknown Source)
	at java.util.concurrent.ThreadPoolExecutor$Worker.run(Unknown Source)
	at java.lang.Thread.run(Unknown Source)
</pre></div></td>
<td>41</td>
<td>com.apttus.aic.operationalReports.Tests.ReportsTests@2286778</td></tr>
</table><p>
<table width='100%' border='1' class='invocation-passed'>
<tr><td colspan='4' align='center'><b>PASSED TESTS</b></td></tr>
<tr><td><b>Test method</b></td>
<td width="30%"><b>Exception</b></td>
<td width="10%"><b>Time (seconds)</b></td>
<td><b>Instance</b></td>
</tr>
<tr>
<td title='com.apttus.aic.operationalReports.Tests.ReportsTests.ActivateReport()'><b>ActivateReport</b><br>Test class: com.apttus.aic.operationalReports.Tests.ReportsTests<br>Test method: To verify the Activate and Deactivate Functionality of the Reports Fileds</td>
<td></td>
<td>59</td>
<td>com.apttus.aic.operationalReports.Tests.ReportsTests@2286778</td></tr>
<tr>
<td title='com.apttus.aic.operationalReports.Tests.ViewsUITest.ActivatedNewView()'><b>ActivatedNewView</b><br>Test class: com.apttus.aic.operationalReports.Tests.ViewsUITest<br>Test method: Datasets Master Details View</td>
<td></td>
<td>17</td>
<td>com.apttus.aic.operationalReports.Tests.ViewsUITest@6536e911</td></tr>
<tr>
<td title='com.apttus.aic.operationalReports.Tests.ViewsUITest.CloneNewView()'><b>CloneNewView</b><br>Test class: com.apttus.aic.operationalReports.Tests.ViewsUITest<br>Test method: Verify the Cloning of Dataset</td>
<td></td>
<td>19</td>
<td>com.apttus.aic.operationalReports.Tests.ViewsUITest@6536e911</td></tr>
<tr>
<td title='com.apttus.aic.operationalReports.Tests.ReportsTests.CreateHorizontalBarChartWizard()'><b>CreateHorizontalBarChartWizard</b><br>Test class: com.apttus.aic.operationalReports.Tests.ReportsTests<br>Test method: Verify Fields in Create Report- Select Dataset</td>
<td></td>
<td>69</td>
<td>com.apttus.aic.operationalReports.Tests.ReportsTests@2286778</td></tr>
<tr>
<td title='com.apttus.aic.operationalReports.Tests.ReportsTests.CreateLineChartWizard()'><b>CreateLineChartWizard</b><br>Test class: com.apttus.aic.operationalReports.Tests.ReportsTests<br>Test method: Verify Fields in Create Report- Select Dataset</td>
<td></td>
<td>69</td>
<td>com.apttus.aic.operationalReports.Tests.ReportsTests@2286778</td></tr>
<tr>
<td title='com.apttus.aic.operationalReports.Tests.DashboardUITest.CreateNewWidget()'><b>CreateNewWidget</b><br>Test class: com.apttus.aic.operationalReports.Tests.DashboardUITest<br>Test method: ST01_To Create and Save a Dashboard</td>
<td></td>
<td>55</td>
<td>com.apttus.aic.operationalReports.Tests.DashboardUITest@5f9d02cb</td></tr>
<tr>
<td title='com.apttus.aic.operationalReports.Tests.ViewsUITest.CreateNewWigdetView()'><b>CreateNewWigdetView</b><br>Test class: com.apttus.aic.operationalReports.Tests.ViewsUITest<br>Test method: To Test Quick Create View Functionality</td>
<td></td>
<td>63</td>
<td>com.apttus.aic.operationalReports.Tests.ViewsUITest@6536e911</td></tr>
<tr>
<td title='com.apttus.aic.operationalReports.Tests.ReportsTests.CreatePieChartWizard()'><b>CreatePieChartWizard</b><br>Test class: com.apttus.aic.operationalReports.Tests.ReportsTests<br>Test method: Verify Fields in Create Report- Select Dataset</td>
<td></td>
<td>65</td>
<td>com.apttus.aic.operationalReports.Tests.ReportsTests@2286778</td></tr>
<tr>
<td title='com.apttus.aic.operationalReports.Tests.ReportsTests.CreatePivotChartWizard()'><b>CreatePivotChartWizard</b><br>Test class: com.apttus.aic.operationalReports.Tests.ReportsTests<br>Test method: Verify Fields in Create Report- Select Dataset</td>
<td></td>
<td>73</td>
<td>com.apttus.aic.operationalReports.Tests.ReportsTests@2286778</td></tr>
<tr>
<td title='com.apttus.aic.operationalReports.Tests.ViewsUITest.CreateQuickView()'><b>CreateQuickView</b><br>Test class: com.apttus.aic.operationalReports.Tests.ViewsUITest<br>Test method: To Test Quick Create View Functionality</td>
<td></td>
<td>53</td>
<td>com.apttus.aic.operationalReports.Tests.ViewsUITest@6536e911</td></tr>
<tr>
<td title='com.apttus.aic.operationalReports.Tests.ReportsTests.CreateTabularReportWizard()'><b>CreateTabularReportWizard</b><br>Test class: com.apttus.aic.operationalReports.Tests.ReportsTests<br>Test method: Create a tabular report starting with an OOTB Base Dataset or a Custom Base Dataset</td>
<td></td>
<td>78</td>
<td>com.apttus.aic.operationalReports.Tests.ReportsTests@2286778</td></tr>
<tr>
<td title='com.apttus.aic.operationalReports.Tests.ReportsTests.CreateVerticalBarChartWizard()'><b>CreateVerticalBarChartWizard</b><br>Test class: com.apttus.aic.operationalReports.Tests.ReportsTests<br>Test method: Verify Fields in Create Report- Select Dataset</td>
<td></td>
<td>78</td>
<td>com.apttus.aic.operationalReports.Tests.ReportsTests@2286778</td></tr>
<tr>
<td title='com.apttus.aic.operationalReports.Tests.ReportsTests.DeActivateReport()'><b>DeActivateReport</b><br>Test class: com.apttus.aic.operationalReports.Tests.ReportsTests<br>Test method: To verify the Activate and Deactivate Functionality of the Reports Fileds</td>
<td></td>
<td>44</td>
<td>com.apttus.aic.operationalReports.Tests.ReportsTests@2286778</td></tr>
<tr>
<td title='com.apttus.aic.operationalReports.Tests.ViewsUITest.DeactivatedNewView()'><b>DeactivatedNewView</b><br>Test class: com.apttus.aic.operationalReports.Tests.ViewsUITest<br>Test method: Datasets Master Details View</td>
<td></td>
<td>26</td>
<td>com.apttus.aic.operationalReports.Tests.ViewsUITest@6536e911</td></tr>
<tr>
<td title='com.apttus.aic.operationalReports.Tests.ViewsUITest.DeleteNewView()'><b>DeleteNewView</b><br>Test class: com.apttus.aic.operationalReports.Tests.ViewsUITest<br>Test method: Datasets Master Details View</td>
<td></td>
<td>18</td>
<td>com.apttus.aic.operationalReports.Tests.ViewsUITest@6536e911</td></tr>
<tr>
<td title='com.apttus.aic.operationalReports.Tests.ViewsUITest.DeleteNewWgView()'><b>DeleteNewWgView</b><br>Test class: com.apttus.aic.operationalReports.Tests.ViewsUITest<br>Test method: Datasets Master Details View</td>
<td></td>
<td>18</td>
<td>com.apttus.aic.operationalReports.Tests.ViewsUITest@6536e911</td></tr>
<tr>
<td title='com.apttus.aic.operationalReports.Tests.ReportsTests.DeleteReport()'><b>DeleteReport</b><br>Test class: com.apttus.aic.operationalReports.Tests.ReportsTests<br>Test method: To verify the Delete Functionality of the Reports Fields</td>
<td></td>
<td>106</td>
<td>com.apttus.aic.operationalReports.Tests.ReportsTests@2286778</td></tr>
<tr>
<td title='com.apttus.aic.operationalReports.Tests.ViewsUITest.EditNewView()'><b>EditNewView</b><br>Test class: com.apttus.aic.operationalReports.Tests.ViewsUITest<br>Test method: To Test Quick Edit View Functionality</td>
<td></td>
<td>61</td>
<td>com.apttus.aic.operationalReports.Tests.ViewsUITest@6536e911</td></tr>
<tr>
<td title='com.apttus.aic.operationalReports.Tests.ViewsUITest.EditQuickView()'><b>EditQuickView</b><br>Test class: com.apttus.aic.operationalReports.Tests.ViewsUITest<br>Test method: To Test Quick Edit View Functionality</td>
<td></td>
<td>25</td>
<td>com.apttus.aic.operationalReports.Tests.ViewsUITest@6536e911</td></tr>
<tr>
<td title='com.apttus.aic.operationalReports.Tests.ReportsTests.EditReportWizard()'><b>EditReportWizard</b><br>Test class: com.apttus.aic.operationalReports.Tests.ReportsTests<br>Test method: To verify the Edit Functionality of Report Wizard</td>
<td></td>
<td>76</td>
<td>com.apttus.aic.operationalReports.Tests.ReportsTests@2286778</td></tr>
<tr>
<td title='com.apttus.aic.operationalReports.Tests.ViewsUITest.FilterNewWidget()'><b>FilterNewWidget</b><br>Test class: com.apttus.aic.operationalReports.Tests.ViewsUITest<br>Test method: Filter a new view</td>
<td></td>
<td>12</td>
<td>com.apttus.aic.operationalReports.Tests.ViewsUITest@6536e911</td></tr>
<tr>
<td title='com.apttus.aic.operationalReports.Tests.ViewsUITest.RenameNewView()'><b>RenameNewView</b><br>Test class: com.apttus.aic.operationalReports.Tests.ViewsUITest<br>Test method: Datasets Master Details View</td>
<td></td>
<td>19</td>
<td>com.apttus.aic.operationalReports.Tests.ViewsUITest@6536e911</td></tr>
<tr>
<td title='com.apttus.aic.operationalReports.Tests.PlatformToolsTests.cloneDashboardDefn()'><b>cloneDashboardDefn</b><br>Test class: com.apttus.aic.operationalReports.Tests.PlatformToolsTests<br>Test method: Clone Dashboard</td>
<td></td>
<td>3</td>
<td>com.apttus.aic.operationalReports.Tests.PlatformToolsTests@185d8b6</td></tr>
<tr>
<td title='com.apttus.aic.operationalReports.Tests.PlatformToolsTests.cloneReport()'><b>cloneReport</b><br>Test class: com.apttus.aic.operationalReports.Tests.PlatformToolsTests<br>Test method: Clone Report Definition</td>
<td></td>
<td>3</td>
<td>com.apttus.aic.operationalReports.Tests.PlatformToolsTests@185d8b6</td></tr>
<tr>
<td title='com.apttus.aic.operationalReports.Tests.ReportsTests.createCloneReport()'><b>createCloneReport</b><br>Test class: com.apttus.aic.operationalReports.Tests.ReportsTests<br>Test method: To verify the Reports Clone Functionality</td>
<td></td>
<td>97</td>
<td>com.apttus.aic.operationalReports.Tests.ReportsTests@2286778</td></tr>
<tr>
<td title='com.apttus.aic.operationalReports.Tests.PlatformToolsTests.createDashboardDefn()'><b>createDashboardDefn</b><br>Test class: com.apttus.aic.operationalReports.Tests.PlatformToolsTests<br>Test method: Create Dashboard Definition</td>
<td></td>
<td>3</td>
<td>com.apttus.aic.operationalReports.Tests.PlatformToolsTests@185d8b6</td></tr>
<tr>
<td title='com.apttus.aic.operationalReports.Tests.PlatformToolsTests.createReport()'><b>createReport</b><br>Test class: com.apttus.aic.operationalReports.Tests.PlatformToolsTests<br>Test method: Create Reports Definition</td>
<td></td>
<td>3</td>
<td>com.apttus.aic.operationalReports.Tests.PlatformToolsTests@185d8b6</td></tr>
<tr>
<td title='com.apttus.aic.operationalReports.Tests.PlatformToolsTests.deleteDashboard()'><b>deleteDashboard</b><br>Test class: com.apttus.aic.operationalReports.Tests.PlatformToolsTests<br>Test method: Delete Dashboard</td>
<td></td>
<td>3</td>
<td>com.apttus.aic.operationalReports.Tests.PlatformToolsTests@185d8b6</td></tr>
<tr>
<td title='com.apttus.aic.operationalReports.Tests.PlatformToolsTests.deleteReportDefn()'><b>deleteReportDefn</b><br>Test class: com.apttus.aic.operationalReports.Tests.PlatformToolsTests<br>Test method: Delete the Report Definition</td>
<td></td>
<td>3</td>
<td>com.apttus.aic.operationalReports.Tests.PlatformToolsTests@185d8b6</td></tr>
<tr>
<td title='com.apttus.aic.operationalReports.Tests.PlatformToolsTests.exportReportDetails()'><b>exportReportDetails</b><br>Test class: com.apttus.aic.operationalReports.Tests.PlatformToolsTests<br>Test method: Export CSV File Details</td>
<td></td>
<td>3</td>
<td>com.apttus.aic.operationalReports.Tests.PlatformToolsTests@185d8b6</td></tr>
<tr>
<td title='com.apttus.aic.operationalReports.Tests.PlatformToolsTests.generateReportRun()'><b>generateReportRun</b><br>Test class: com.apttus.aic.operationalReports.Tests.PlatformToolsTests<br>Test method: Run the Report</td>
<td></td>
<td>3</td>
<td>com.apttus.aic.operationalReports.Tests.PlatformToolsTests@185d8b6</td></tr>
<tr>
<td title='com.apttus.aic.operationalReports.Tests.PlatformToolsTests.getAllReports()'><b>getAllReports</b><br>Test class: com.apttus.aic.operationalReports.Tests.PlatformToolsTests<br>Test method: Get All Reports</td>
<td></td>
<td>4</td>
<td>com.apttus.aic.operationalReports.Tests.PlatformToolsTests@185d8b6</td></tr>
<tr>
<td title='com.apttus.aic.operationalReports.Tests.PlatformToolsTests.getDashboardDetailsDefn()'><b>getDashboardDetailsDefn</b><br>Test class: com.apttus.aic.operationalReports.Tests.PlatformToolsTests<br>Test method: Get Dashboard details</td>
<td></td>
<td>3</td>
<td>com.apttus.aic.operationalReports.Tests.PlatformToolsTests@185d8b6</td></tr>
<tr>
<td title='com.apttus.aic.operationalReports.Tests.PlatformToolsTests.getReportDefinition()'><b>getReportDefinition</b><br>Test class: com.apttus.aic.operationalReports.Tests.PlatformToolsTests<br>Test method: Get the Report definition by Id</td>
<td></td>
<td>3</td>
<td>com.apttus.aic.operationalReports.Tests.PlatformToolsTests@185d8b6</td></tr>
<tr>
<td title='com.apttus.aic.operationalReports.Tests.ReportsTests.quickCreateReport()'><b>quickCreateReport</b><br>Test class: com.apttus.aic.operationalReports.Tests.ReportsTests<br>Test method: To Create a Quick Report</td>
<td></td>
<td>100</td>
<td>com.apttus.aic.operationalReports.Tests.ReportsTests@2286778</td></tr>
<tr>
<td title='com.apttus.aic.operationalReports.Tests.ReportsTests.quickEditReport()'><b>quickEditReport</b><br>Test class: com.apttus.aic.operationalReports.Tests.ReportsTests<br>Test method: To verify Quick Edit Functionality of the already generated Reports</td>
<td></td>
<td>91</td>
<td>com.apttus.aic.operationalReports.Tests.ReportsTests@2286778</td></tr>
<tr>
<td title='com.apttus.aic.operationalReports.Tests.ReportsTests.renameReport()'><b>renameReport</b><br>Test class: com.apttus.aic.operationalReports.Tests.ReportsTests<br>Test method: To verify the Rename Functionality of the Reports</td>
<td></td>
<td>58</td>
<td>com.apttus.aic.operationalReports.Tests.ReportsTests@2286778</td></tr>
<tr>
<td title='com.apttus.aic.operationalReports.Tests.PlatformToolsTests.updateDashboardDefn()'><b>updateDashboardDefn</b><br>Test class: com.apttus.aic.operationalReports.Tests.PlatformToolsTests<br>Test method: Update Dashboard Definition details</td>
<td></td>
<td>3</td>
<td>com.apttus.aic.operationalReports.Tests.PlatformToolsTests@185d8b6</td></tr>
<tr>
<td title='com.apttus.aic.operationalReports.Tests.PlatformToolsTests.updateReportDefn()'><b>updateReportDefn</b><br>Test class: com.apttus.aic.operationalReports.Tests.PlatformToolsTests<br>Test method: Update the Report Details</td>
<td></td>
<td>3</td>
<td>com.apttus.aic.operationalReports.Tests.PlatformToolsTests@185d8b6</td></tr>
</table><p>
<table width='100%' border='1' class='invocation-skipped'>
<tr><td colspan='4' align='center'><b>SKIPPED TESTS</b></td></tr>
<tr><td><b>Test method</b></td>
<td width="30%"><b>Exception</b></td>
<td width="10%"><b>Time (seconds)</b></td>
<td><b>Instance</b></td>
</tr>
<tr>
<td title='com.apttus.aic.operationalReports.Tests.DashboardUITest.CloneNewWidget()'><b>CloneNewWidget</b><br>Test class: com.apttus.aic.operationalReports.Tests.DashboardUITest<br>Test method: ST_05 To verify the Dashboard Clone Functionality</td>
<td><div><pre>java.lang.Throwable: Method DashboardUITest.CloneNewWidget()[pri:0, instance:com.apttus.aic.operationalReports.Tests.DashboardUITest@5f9d02cb] depends on not successfully finished methods
	at org.testng.internal.Invoker.invokeTestMethods(Invoker.java:1037)
	at org.testng.internal.TestMethodWorker.invokeTestMethods(TestMethodWorker.java:129)
	at org.testng.internal.TestMethodWorker.run(TestMethodWorker.java:112)
	at org.testng.TestRunner.privateRun(TestRunner.java:782)
	at org.testng.TestRunner.run(TestRunner.java:632)
	at org.testng.SuiteRunner.runTest(SuiteRunner.java:366)
	at org.testng.SuiteRunner.access$000(SuiteRunner.java:39)
	at org.testng.SuiteRunner$SuiteWorker.run(SuiteRunner.java:400)
	at org.testng.internal.thread.ThreadUtil$2.call(ThreadUtil.java:64)
	at java.util.concurrent.FutureTask.run(Unknown Source)
	at java.util.concurrent.ThreadPoolExecutor.runWorker(Unknown Source)
	at java.util.concurrent.ThreadPoolExecutor$Worker.run(Unknown Source)
	at java.lang.Thread.run(Unknown Source)
</pre></div><a href='#' onClick='toggleBox("stack-trace1683248109", this, "Click to show all stack frames", "Click to hide stack frames")'>Click to show all stack frames</a>
<div class='stack-trace' id='stack-trace1683248109'><pre>java.lang.Throwable: Method DashboardUITest.CloneNewWidget()[pri:0, instance:com.apttus.aic.operationalReports.Tests.DashboardUITest@5f9d02cb] depends on not successfully finished methods
	at org.testng.internal.Invoker.invokeTestMethods(Invoker.java:1037)
	at org.testng.internal.TestMethodWorker.invokeTestMethods(TestMethodWorker.java:129)
	at org.testng.internal.TestMethodWorker.run(TestMethodWorker.java:112)
	at org.testng.TestRunner.privateRun(TestRunner.java:782)
	at org.testng.TestRunner.run(TestRunner.java:632)
	at org.testng.SuiteRunner.runTest(SuiteRunner.java:366)
	at org.testng.SuiteRunner.access$000(SuiteRunner.java:39)
	at org.testng.SuiteRunner$SuiteWorker.run(SuiteRunner.java:400)
	at org.testng.internal.thread.ThreadUtil$2.call(ThreadUtil.java:64)
	at java.util.concurrent.FutureTask.run(Unknown Source)
	at java.util.concurrent.ThreadPoolExecutor.runWorker(Unknown Source)
	at java.util.concurrent.ThreadPoolExecutor$Worker.run(Unknown Source)
	at java.lang.Thread.run(Unknown Source)
</pre></div></td>
<td>0</td>
<td>null</td></tr>
<tr>
<td title='com.apttus.aic.operationalReports.Tests.DashboardUITest.DeleteNewWidget()'><b>DeleteNewWidget</b><br>Test class: com.apttus.aic.operationalReports.Tests.DashboardUITest<br>Test method: ST_07 To verify the Dashboard Delete Functionality</td>
<td><div><pre>java.lang.Throwable: Method DashboardUITest.DeleteNewWidget()[pri:0, instance:com.apttus.aic.operationalReports.Tests.DashboardUITest@5f9d02cb] depends on not successfully finished methods
	at org.testng.internal.Invoker.invokeTestMethods(Invoker.java:1037)
	at org.testng.internal.TestMethodWorker.invokeTestMethods(TestMethodWorker.java:129)
	at org.testng.internal.TestMethodWorker.run(TestMethodWorker.java:112)
	at org.testng.TestRunner.privateRun(TestRunner.java:782)
	at org.testng.TestRunner.run(TestRunner.java:632)
	at org.testng.SuiteRunner.runTest(SuiteRunner.java:366)
	at org.testng.SuiteRunner.access$000(SuiteRunner.java:39)
	at org.testng.SuiteRunner$SuiteWorker.run(SuiteRunner.java:400)
	at org.testng.internal.thread.ThreadUtil$2.call(ThreadUtil.java:64)
	at java.util.concurrent.FutureTask.run(Unknown Source)
	at java.util.concurrent.ThreadPoolExecutor.runWorker(Unknown Source)
	at java.util.concurrent.ThreadPoolExecutor$Worker.run(Unknown Source)
	at java.lang.Thread.run(Unknown Source)
</pre></div><a href='#' onClick='toggleBox("stack-trace1167785548", this, "Click to show all stack frames", "Click to hide stack frames")'>Click to show all stack frames</a>
<div class='stack-trace' id='stack-trace1167785548'><pre>java.lang.Throwable: Method DashboardUITest.DeleteNewWidget()[pri:0, instance:com.apttus.aic.operationalReports.Tests.DashboardUITest@5f9d02cb] depends on not successfully finished methods
	at org.testng.internal.Invoker.invokeTestMethods(Invoker.java:1037)
	at org.testng.internal.TestMethodWorker.invokeTestMethods(TestMethodWorker.java:129)
	at org.testng.internal.TestMethodWorker.run(TestMethodWorker.java:112)
	at org.testng.TestRunner.privateRun(TestRunner.java:782)
	at org.testng.TestRunner.run(TestRunner.java:632)
	at org.testng.SuiteRunner.runTest(SuiteRunner.java:366)
	at org.testng.SuiteRunner.access$000(SuiteRunner.java:39)
	at org.testng.SuiteRunner$SuiteWorker.run(SuiteRunner.java:400)
	at org.testng.internal.thread.ThreadUtil$2.call(ThreadUtil.java:64)
	at java.util.concurrent.FutureTask.run(Unknown Source)
	at java.util.concurrent.ThreadPoolExecutor.runWorker(Unknown Source)
	at java.util.concurrent.ThreadPoolExecutor$Worker.run(Unknown Source)
	at java.lang.Thread.run(Unknown Source)
</pre></div></td>
<td>0</td>
<td>null</td></tr>
<tr>
<td title='com.apttus.aic.operationalReports.Tests.DashboardUITest.RenameDashboard()'><b>RenameDashboard</b><br>Test class: com.apttus.aic.operationalReports.Tests.DashboardUITest<br>Test method: ST_06 To verify the Dashboard Rename Functionality</td>
<td><div><pre>java.lang.Throwable: Method DashboardUITest.RenameDashboard()[pri:0, instance:com.apttus.aic.operationalReports.Tests.DashboardUITest@5f9d02cb] depends on not successfully finished methods
	at org.testng.internal.Invoker.invokeTestMethods(Invoker.java:1037)
	at org.testng.internal.TestMethodWorker.invokeTestMethods(TestMethodWorker.java:129)
	at org.testng.internal.TestMethodWorker.run(TestMethodWorker.java:112)
	at org.testng.TestRunner.privateRun(TestRunner.java:782)
	at org.testng.TestRunner.run(TestRunner.java:632)
	at org.testng.SuiteRunner.runTest(SuiteRunner.java:366)
	at org.testng.SuiteRunner.access$000(SuiteRunner.java:39)
	at org.testng.SuiteRunner$SuiteWorker.run(SuiteRunner.java:400)
	at org.testng.internal.thread.ThreadUtil$2.call(ThreadUtil.java:64)
	at java.util.concurrent.FutureTask.run(Unknown Source)
	at java.util.concurrent.ThreadPoolExecutor.runWorker(Unknown Source)
	at java.util.concurrent.ThreadPoolExecutor$Worker.run(Unknown Source)
	at java.lang.Thread.run(Unknown Source)
</pre></div><a href='#' onClick='toggleBox("stack-trace1773673295", this, "Click to show all stack frames", "Click to hide stack frames")'>Click to show all stack frames</a>
<div class='stack-trace' id='stack-trace1773673295'><pre>java.lang.Throwable: Method DashboardUITest.RenameDashboard()[pri:0, instance:com.apttus.aic.operationalReports.Tests.DashboardUITest@5f9d02cb] depends on not successfully finished methods
	at org.testng.internal.Invoker.invokeTestMethods(Invoker.java:1037)
	at org.testng.internal.TestMethodWorker.invokeTestMethods(TestMethodWorker.java:129)
	at org.testng.internal.TestMethodWorker.run(TestMethodWorker.java:112)
	at org.testng.TestRunner.privateRun(TestRunner.java:782)
	at org.testng.TestRunner.run(TestRunner.java:632)
	at org.testng.SuiteRunner.runTest(SuiteRunner.java:366)
	at org.testng.SuiteRunner.access$000(SuiteRunner.java:39)
	at org.testng.SuiteRunner$SuiteWorker.run(SuiteRunner.java:400)
	at org.testng.internal.thread.ThreadUtil$2.call(ThreadUtil.java:64)
	at java.util.concurrent.FutureTask.run(Unknown Source)
	at java.util.concurrent.ThreadPoolExecutor.runWorker(Unknown Source)
	at java.util.concurrent.ThreadPoolExecutor$Worker.run(Unknown Source)
	at java.lang.Thread.run(Unknown Source)
</pre></div></td>
<td>0</td>
<td>null</td></tr>
</table><p>
</body>
</html>