<?xml version="1.0" encoding="UTF-8"?>
<!-- Generated by org.testng.reporters.JUnitXMLReporter -->
<testsuite hostname="L005614" name="Operational Reporting Tests" tests="44" failures="2" timestamp="19 Jun 2018 11:10:15 GMT" time="2120.413" errors="0">
  <testcase name="CreateQuickView" time="53.393" classname="com.apttus.aic.operationalReports.Tests.ViewsUITest"/>
  <testcase name="FilterNewWidget" time="12.306" classname="com.apttus.aic.operationalReports.Tests.ViewsUITest"/>
  <testcase name="CreateNewWigdetView" time="63.845" classname="com.apttus.aic.operationalReports.Tests.ViewsUITest"/>
  <testcase name="EditNewView" time="61.59" classname="com.apttus.aic.operationalReports.Tests.ViewsUITest"/>
  <testcase name="DeactivatedNewView" time="26.138" classname="com.apttus.aic.operationalReports.Tests.ViewsUITest"/>
  <testcase name="RenameNewView" time="19.636" classname="com.apttus.aic.operationalReports.Tests.ViewsUITest"/>
  <testcase name="ActivatedNewView" time="17.806" classname="com.apttus.aic.operationalReports.Tests.ViewsUITest"/>
  <testcase name="CloneNewView" time="19.171" classname="com.apttus.aic.operationalReports.Tests.ViewsUITest"/>
  <testcase name="DeleteNewView" time="18.837" classname="com.apttus.aic.operationalReports.Tests.ViewsUITest"/>
  <testcase name="DeleteNewWgView" time="18.565" classname="com.apttus.aic.operationalReports.Tests.ViewsUITest"/>
  <testcase name="EditQuickView" time="25.923" classname="com.apttus.aic.operationalReports.Tests.ViewsUITest"/>
  <testcase name="CreateNewWidget" time="55.963" classname="com.apttus.aic.operationalReports.Tests.DashboardUITest"/>
  <testcase name="EditDashboard" time="62.124" classname="com.apttus.aic.operationalReports.Tests.DashboardUITest">
    <failure type="java.lang.Exception" message="org.openqa.selenium.ScriptTimeoutException: asynchronous script timeout: result was not received in 60 seconds
  (Session info: chrome=67.0.3396.87)
  (Driver info: chromedriver=2.40.565498 (ea082db3280dd6843ebfb08a625e3eb905c4f5ab),platform=Windows NT 10.0.15063 x86_64) (WARNING: The server did not provide any stacktrace information)
Command duration or timeout: 0 milliseconds
Build info: version: &amp;apos;3.5.3&amp;apos;, revision: &amp;apos;a88d25fe6b&amp;apos;, time: &amp;apos;2017-08-29T12:42:44.417Z&amp;apos;
System info: host: &amp;apos;L005614&amp;apos;, ip: &amp;apos;10.7.93.231&amp;apos;, os.name: &amp;apos;Windows 10&amp;apos;, os.arch: &amp;apos;amd64&amp;apos;, os.version: &amp;apos;10.0&amp;apos;, java.version: &amp;apos;1.8.0_151&amp;apos;
Driver info: org.openqa.selenium.chrome.ChromeDriver
Capabilities [{mobileEmulationEnabled=false, hasTouchScreen=false, platform=XP, acceptSslCerts=false, acceptInsecureCerts=false, webStorageEnabled=true, browserName=chrome, takesScreenshot=true, javascriptEnabled=true, platformName=XP, setWindowRect=true, unexpectedAlertBehaviour=, applicationCacheEnabled=false, rotatable=false, networkConnectionEnabled=false, chrome={chromedriverVersion=2.40.565498 (ea082db3280dd6843ebfb08a625e3eb905c4f5ab), userDataDir=C:\Users\shsharma\AppData\Local\Temp\scoped_dir19820_9592}, takesHeapSnapshot=true, pageLoadStrategy=normal, unhandledPromptBehavior=, databaseEnabled=false, handlesAlerts=true, version=67.0.3396.87, browserConnectionEnabled=false, nativeEvents=true, locationContextEnabled=true, cssSelectorsEnabled=true}]
Session ID: 5c8f3dba8ca192cf5458ab9c49f5b911">
      <![CDATA[java.lang.Exception: org.openqa.selenium.ScriptTimeoutException: asynchronous script timeout: result was not received in 60 seconds
  (Session info: chrome=67.0.3396.87)
  (Driver info: chromedriver=2.40.565498 (ea082db3280dd6843ebfb08a625e3eb905c4f5ab),platform=Windows NT 10.0.15063 x86_64) (WARNING: The server did not provide any stacktrace information)
Command duration or timeout: 0 milliseconds
Build info: version: '3.5.3', revision: 'a88d25fe6b', time: '2017-08-29T12:42:44.417Z'
System info: host: 'L005614', ip: '10.7.93.231', os.name: 'Windows 10', os.arch: 'amd64', os.version: '10.0', java.version: '1.8.0_151'
Driver info: org.openqa.selenium.chrome.ChromeDriver
Capabilities [{mobileEmulationEnabled=false, hasTouchScreen=false, platform=XP, acceptSslCerts=false, acceptInsecureCerts=false, webStorageEnabled=true, browserName=chrome, takesScreenshot=true, javascriptEnabled=true, platformName=XP, setWindowRect=true, unexpectedAlertBehaviour=, applicationCacheEnabled=false, rotatable=false, networkConnectionEnabled=false, chrome={chromedriverVersion=2.40.565498 (ea082db3280dd6843ebfb08a625e3eb905c4f5ab), userDataDir=C:\Users\shsharma\AppData\Local\Temp\scoped_dir19820_9592}, takesHeapSnapshot=true, pageLoadStrategy=normal, unhandledPromptBehavior=, databaseEnabled=false, handlesAlerts=true, version=67.0.3396.87, browserConnectionEnabled=false, nativeEvents=true, locationContextEnabled=true, cssSelectorsEnabled=true}]
Session ID: 5c8f3dba8ca192cf5458ab9c49f5b911
	at com.apttus.aic.operationalReports.Tests.DashboardUITest.EditDashboard(DashboardUITest.java:100)
	at sun.reflect.NativeMethodAccessorImpl.invoke0(Native Method)
	at sun.reflect.NativeMethodAccessorImpl.invoke(Unknown Source)
	at sun.reflect.DelegatingMethodAccessorImpl.invoke(Unknown Source)
	at java.lang.reflect.Method.invoke(Unknown Source)
	at org.testng.internal.MethodInvocationHelper.invokeMethod(MethodInvocationHelper.java:86)
	at org.testng.internal.Invoker.invokeMethod(Invoker.java:643)
	at org.testng.internal.Invoker.invokeTestMethod(Invoker.java:820)
	at org.testng.internal.Invoker.invokeTestMethods(Invoker.java:1128)
	at org.testng.internal.TestMethodWorker.invokeTestMethods(TestMethodWorker.java:129)
	at org.testng.internal.TestMethodWorker.run(TestMethodWorker.java:112)
	at org.testng.TestRunner.privateRun(TestRunner.java:782)
	at org.testng.TestRunner.run(TestRunner.java:632)
	at org.testng.SuiteRunner.runTest(SuiteRunner.java:366)
	at org.testng.SuiteRunner.access$000(SuiteRunner.java:39)
	at org.testng.SuiteRunner$SuiteWorker.run(SuiteRunner.java:400)
	at org.testng.internal.thread.ThreadUtil$2.call(ThreadUtil.java:64)
	at java.util.concurrent.FutureTask.run(Unknown Source)
	at java.util.concurrent.ThreadPoolExecutor.runWorker(Unknown Source)
	at java.util.concurrent.ThreadPoolExecutor$Worker.run(Unknown Source)
	at java.lang.Thread.run(Unknown Source)
Caused by: org.openqa.selenium.ScriptTimeoutException: asynchronous script timeout: result was not received in 60 seconds
  (Session info: chrome=67.0.3396.87)
  (Driver info: chromedriver=2.40.565498 (ea082db3280dd6843ebfb08a625e3eb905c4f5ab),platform=Windows NT 10.0.15063 x86_64) (WARNING: The server did not provide any stacktrace information)
Command duration or timeout: 0 milliseconds
Build info: version: '3.5.3', revision: 'a88d25fe6b', time: '2017-08-29T12:42:44.417Z'
System info: host: 'L005614', ip: '10.7.93.231', os.name: 'Windows 10', os.arch: 'amd64', os.version: '10.0', java.version: '1.8.0_151'
Driver info: org.openqa.selenium.chrome.ChromeDriver
Capabilities [{mobileEmulationEnabled=false, hasTouchScreen=false, platform=XP, acceptSslCerts=false, acceptInsecureCerts=false, webStorageEnabled=true, browserName=chrome, takesScreenshot=true, javascriptEnabled=true, platformName=XP, setWindowRect=true, unexpectedAlertBehaviour=, applicationCacheEnabled=false, rotatable=false, networkConnectionEnabled=false, chrome={chromedriverVersion=2.40.565498 (ea082db3280dd6843ebfb08a625e3eb905c4f5ab), userDataDir=C:\Users\shsharma\AppData\Local\Temp\scoped_dir19820_9592}, takesHeapSnapshot=true, pageLoadStrategy=normal, unhandledPromptBehavior=, databaseEnabled=false, handlesAlerts=true, version=67.0.3396.87, browserConnectionEnabled=false, nativeEvents=true, locationContextEnabled=true, cssSelectorsEnabled=true}]
Session ID: 5c8f3dba8ca192cf5458ab9c49f5b911
	at sun.reflect.NativeConstructorAccessorImpl.newInstance0(Native Method)
	at sun.reflect.NativeConstructorAccessorImpl.newInstance(Unknown Source)
	at sun.reflect.DelegatingConstructorAccessorImpl.newInstance(Unknown Source)
	at java.lang.reflect.Constructor.newInstance(Unknown Source)
	at org.openqa.selenium.remote.ErrorHandler.createThrowable(ErrorHandler.java:215)
	at org.openqa.selenium.remote.ErrorHandler.throwIfResponseFailed(ErrorHandler.java:167)
	at org.openqa.selenium.remote.http.JsonHttpResponseCodec.reconstructValue(JsonHttpResponseCodec.java:40)
	at org.openqa.selenium.remote.http.AbstractHttpResponseCodec.decode(AbstractHttpResponseCodec.java:82)
	at org.openqa.selenium.remote.http.AbstractHttpResponseCodec.decode(AbstractHttpResponseCodec.java:45)
	at org.openqa.selenium.remote.HttpCommandExecutor.execute(HttpCommandExecutor.java:164)
	at org.openqa.selenium.remote.service.DriverCommandExecutor.execute(DriverCommandExecutor.java:82)
	at org.openqa.selenium.remote.RemoteWebDriver.execute(RemoteWebDriver.java:646)
	at org.openqa.selenium.remote.RemoteWebDriver.executeAsyncScript(RemoteWebDriver.java:600)
	at com.paulhammant.ngwebdriver.NgWebDriver.waitForAngularRequestsToFinish(NgWebDriver.java:68)
	at com.apttus.selenium.NGHelper.waitForNGToLoad(NGHelper.java:371)
	at com.apttus.selenium.NGHelper.click(NGHelper.java:180)
	at com.apttus.aic.operationalReports.uiLibrary.HomePage.navigateToDashBoard(HomePage.java:73)
	at com.apttus.aic.operationalReports.Tests.DashboardUITest.EditDashboard(DashboardUITest.java:93)
	... 20 more
]]>
    </failure>
  </testcase> <!-- EditDashboard -->
  <testcase name="CloneNewWidget" time="0.001" classname="com.apttus.aic.operationalReports.Tests.DashboardUITest">
    <skipped/>
  </testcase> <!-- CloneNewWidget -->
  <testcase name="DeleteNewWidget" time="0.001" classname="com.apttus.aic.operationalReports.Tests.DashboardUITest">
    <skipped/>
  </testcase> <!-- DeleteNewWidget -->
  <testcase name="RenameDashboard" time="0.0" classname="com.apttus.aic.operationalReports.Tests.DashboardUITest">
    <skipped/>
  </testcase> <!-- RenameDashboard -->
  <testcase name="createDashboardDefn" time="3.08" classname="com.apttus.aic.operationalReports.Tests.PlatformToolsTests"/>
  <testcase name="createReport" time="3.302" classname="com.apttus.aic.operationalReports.Tests.PlatformToolsTests"/>
  <testcase name="getAllReports" time="4.05" classname="com.apttus.aic.operationalReports.Tests.PlatformToolsTests"/>
  <testcase name="cloneDashboardDefn" time="3.057" classname="com.apttus.aic.operationalReports.Tests.PlatformToolsTests"/>
  <testcase name="cloneReport" time="3.535" classname="com.apttus.aic.operationalReports.Tests.PlatformToolsTests"/>
  <testcase name="exportReportDetails" time="3.665" classname="com.apttus.aic.operationalReports.Tests.PlatformToolsTests"/>
  <testcase name="generateReportRun" time="3.673" classname="com.apttus.aic.operationalReports.Tests.PlatformToolsTests"/>
  <testcase name="getDashboardDetailsDefn" time="3.305" classname="com.apttus.aic.operationalReports.Tests.PlatformToolsTests"/>
  <testcase name="getReportDefinition" time="3.608" classname="com.apttus.aic.operationalReports.Tests.PlatformToolsTests"/>
  <testcase name="updateDashboardDefn" time="3.531" classname="com.apttus.aic.operationalReports.Tests.PlatformToolsTests"/>
  <testcase name="updateReportDefn" time="3.711" classname="com.apttus.aic.operationalReports.Tests.PlatformToolsTests"/>
  <testcase name="deleteDashboard" time="3.293" classname="com.apttus.aic.operationalReports.Tests.PlatformToolsTests"/>
  <testcase name="deleteReportDefn" time="3.414" classname="com.apttus.aic.operationalReports.Tests.PlatformToolsTests"/>
  <testcase name="CreateLineChartWizard" time="69.272" classname="com.apttus.aic.operationalReports.Tests.ReportsTests"/>
  <testcase name="CreatePieChartWizard" time="65.577" classname="com.apttus.aic.operationalReports.Tests.ReportsTests"/>
  <testcase name="CreatePivotChartWizard" time="73.718" classname="com.apttus.aic.operationalReports.Tests.ReportsTests"/>
  <testcase name="CreateTabularReportWizard" time="78.325" classname="com.apttus.aic.operationalReports.Tests.ReportsTests"/>
  <testcase name="CreateVerticalBarChartWizard" time="78.321" classname="com.apttus.aic.operationalReports.Tests.ReportsTests"/>
  <testcase name="DeActivateReport" time="44.646" classname="com.apttus.aic.operationalReports.Tests.ReportsTests"/>
  <testcase name="quickCreateReport" time="100.988" classname="com.apttus.aic.operationalReports.Tests.ReportsTests"/>
  <testcase name="CreateHorizontalBarChartWizard" time="69.899" classname="com.apttus.aic.operationalReports.Tests.ReportsTests"/>
  <testcase name="ActivateReport" time="59.022" classname="com.apttus.aic.operationalReports.Tests.ReportsTests"/>
  <testcase name="EditReportWizard" time="76.008" classname="com.apttus.aic.operationalReports.Tests.ReportsTests"/>
  <testcase name="createCloneReport" time="97.59" classname="com.apttus.aic.operationalReports.Tests.ReportsTests"/>
  <testcase name="DeleteReport" time="106.857" classname="com.apttus.aic.operationalReports.Tests.ReportsTests"/>
  <testcase name="quickEditReport" time="91.686" classname="com.apttus.aic.operationalReports.Tests.ReportsTests"/>
  <testcase name="renameReport" time="58.549" classname="com.apttus.aic.operationalReports.Tests.ReportsTests"/>
  <testcase name="ExportToCSV" time="41.271" classname="com.apttus.aic.operationalReports.Tests.ReportsTests">
    <failure type="java.lang.AssertionError" message="
Expected: is [&amp;lt;true&amp;gt;]
     but: was [&amp;lt;false&amp;gt;]">
      <![CDATA[java.lang.AssertionError: 
Expected: is [<true>]
     but: was [<false>]
	at org.hamcrest.MatcherAssert.assertThat(MatcherAssert.java:20)
	at org.hamcrest.MatcherAssert.assertThat(MatcherAssert.java:8)
	at com.apttus.aic.operationalReports.Tests.ReportsTests.ExportToCSV(ReportsTests.java:125)
	at sun.reflect.NativeMethodAccessorImpl.invoke0(Native Method)
	at sun.reflect.NativeMethodAccessorImpl.invoke(Unknown Source)
	at sun.reflect.DelegatingMethodAccessorImpl.invoke(Unknown Source)
	at java.lang.reflect.Method.invoke(Unknown Source)
	at org.testng.internal.MethodInvocationHelper.invokeMethod(MethodInvocationHelper.java:86)
	at org.testng.internal.Invoker.invokeMethod(Invoker.java:643)
	at org.testng.internal.Invoker.invokeTestMethod(Invoker.java:820)
	at org.testng.internal.Invoker.invokeTestMethods(Invoker.java:1128)
	at org.testng.internal.TestMethodWorker.invokeTestMethods(TestMethodWorker.java:129)
	at org.testng.internal.TestMethodWorker.run(TestMethodWorker.java:112)
	at org.testng.TestRunner.privateRun(TestRunner.java:782)
	at org.testng.TestRunner.run(TestRunner.java:632)
	at org.testng.SuiteRunner.runTest(SuiteRunner.java:366)
	at org.testng.SuiteRunner.access$000(SuiteRunner.java:39)
	at org.testng.SuiteRunner$SuiteWorker.run(SuiteRunner.java:400)
	at org.testng.internal.thread.ThreadUtil$2.call(ThreadUtil.java:64)
	at java.util.concurrent.FutureTask.run(Unknown Source)
	at java.util.concurrent.ThreadPoolExecutor.runWorker(Unknown Source)
	at java.util.concurrent.ThreadPoolExecutor$Worker.run(Unknown Source)
	at java.lang.Thread.run(Unknown Source)
]]>
    </failure>
  </testcase> <!-- ExportToCSV -->
</testsuite> <!-- Operational Reporting Tests -->
